0 info it worked if it ends with ok
1 verbose cli [ 'D:\\NodeJS\\node.exe',
1 verbose cli   'D:\\NodeJS\\node_modules\\npm\\bin\\npm-cli.js',
1 verbose cli   'start' ]
2 info using npm@3.10.8
3 info using node@v6.9.1
4 verbose config Skipping project config: C:\Users\asus/.npmrc. (matches userconfig)
5 verbose stack Error: missing script: start
5 verbose stack     at run (D:\NodeJS\node_modules\npm\lib\run-script.js:151:19)
5 verbose stack     at D:\NodeJS\node_modules\npm\lib\run-script.js:61:5
5 verbose stack     at D:\NodeJS\node_modules\npm\node_modules\read-package-json\read-json.js:356:5
5 verbose stack     at checkBinReferences_ (D:\NodeJS\node_modules\npm\node_modules\read-package-json\read-json.js:320:45)
5 verbose stack     at final (D:\NodeJS\node_modules\npm\node_modules\read-package-json\read-json.js:354:3)
5 verbose stack     at then (D:\NodeJS\node_modules\npm\node_modules\read-package-json\read-json.js:124:5)
5 verbose stack     at D:\NodeJS\node_modules\npm\node_modules\read-package-json\read-json.js:311:12
5 verbose stack     at D:\NodeJS\node_modules\npm\node_modules\graceful-fs\graceful-fs.js:78:16
5 verbose stack     at tryToString (fs.js:455:3)
5 verbose stack     at FSReqWrap.readFileAfterClose [as oncomplete] (fs.js:442:12)
6 verbose cwd C:\Users\asus\js-course\homeworks\Oleksandr.Kryzhnii_sashaTriceps\homework_9
7 error Windows_NT 10.0.10586
8 error argv "D:\\NodeJS\\node.exe" "D:\\NodeJS\\node_modules\\npm\\bin\\npm-cli.js" "start"
9 error node v6.9.1
10 error npm  v3.10.8
11 error missing script: start
12 error If you need help, you may report this error at:
12 error     <https://github.com/npm/npm/issues>
13 verbose exit [ 1, true ]
