0 info it worked if it ends with ok
1 verbose cli [ 'C:\\Program Files\\nodejs\\node.exe',
1 verbose cli   'C:\\Program Files\\nodejs\\node_modules\\npm\\bin\\npm-cli.js',
1 verbose cli   'init' ]
2 info using npm@3.10.8
3 info using node@v6.9.1
4 verbose stack Error: kill ENOSYS
4 verbose stack     at exports._errnoException (util.js:1026:11)
4 verbose stack     at process.kill (internal/process.js:172:13)
4 verbose stack     at process.listener (C:\Program Files\nodejs\node_modules\npm\node_modules\npmlog\node_modules\gauge\node_modules\signal-exit\index.js:86:15)
4 verbose stack     at emitNone (events.js:91:20)
4 verbose stack     at process.emit (events.js:185:7)
4 verbose stack     at processEmit (C:\Program Files\nodejs\node_modules\npm\node_modules\npmlog\node_modules\gauge\node_modules\signal-exit\index.js:146:32)
4 verbose stack     at processEmit (C:\Program Files\nodejs\node_modules\npm\node_modules\npm-registry-client\node_modules\npmlog\node_modules\gauge\node_modules\signal-exit\index.js:146:32)
4 verbose stack     at Signal.wrap.onsignal (internal/process.js:199:44)
5 verbose cwd C:\work\MastersAcademy\js-course
6 error Windows_NT 6.1.7601
7 error argv "C:\\Program Files\\nodejs\\node.exe" "C:\\Program Files\\nodejs\\node_modules\\npm\\bin\\npm-cli.js" "init"
8 error node v6.9.1
9 error npm  v3.10.8
10 error code ENOSYS
11 error errno ENOSYS
12 error syscall kill
13 error kill ENOSYS
14 error If you need help, you may report this error at:
14 error     <https://github.com/npm/npm/issues>
15 verbose exit [ 1, true ]
