0 info it worked if it ends with ok
1 verbose cli [ '/usr/local/bin/node', '/usr/local/bin/npm', 'publish' ]
2 info using npm@3.10.3
3 info using node@v6.4.0
4 verbose publish [ '.' ]
5 silly cache add args [ '.', null ]
6 verbose cache add spec .
7 silly cache add parsed spec Result {
7 silly cache add   raw: '.',
7 silly cache add   scope: null,
7 silly cache add   escapedName: null,
7 silly cache add   name: null,
7 silly cache add   rawSpec: '.',
7 silly cache add   spec: '/Users/nikoe/Desktop/NEW_WORK/Masters/js-course/homeworks/Nikon.Bugaichuk_NikonBBG/homework_1',
7 silly cache add   type: 'directory' }
8 verbose addLocalDirectory /Users/nikoe/.npm/homework_1/1.0.0/package.tgz not in flight; packing
9 verbose correctMkdir /Users/nikoe/.npm correctMkdir not in flight; initializing
10 info lifecycle homework_1@1.0.0~prepublish: homework_1@1.0.0
11 silly lifecycle homework_1@1.0.0~prepublish: no script for prepublish, continuing
12 verbose tar pack [ '/Users/nikoe/.npm/homework_1/1.0.0/package.tgz',
12 verbose tar pack   '/Users/nikoe/Desktop/NEW_WORK/Masters/js-course/homeworks/Nikon.Bugaichuk_NikonBBG/homework_1' ]
13 verbose tarball /Users/nikoe/.npm/homework_1/1.0.0/package.tgz
14 verbose folder /Users/nikoe/Desktop/NEW_WORK/Masters/js-course/homeworks/Nikon.Bugaichuk_NikonBBG/homework_1
15 verbose addLocalTarball adding from inside cache /Users/nikoe/.npm/homework_1/1.0.0/package.tgz
16 verbose correctMkdir /Users/nikoe/.npm correctMkdir not in flight; initializing
17 silly cache afterAdd homework_1@1.0.0
18 verbose afterAdd /Users/nikoe/.npm/homework_1/1.0.0/package/package.json not in flight; writing
19 verbose correctMkdir /Users/nikoe/.npm correctMkdir not in flight; initializing
20 verbose afterAdd /Users/nikoe/.npm/homework_1/1.0.0/package/package.json written
21 silly publish { name: 'homework_1',
21 silly publish   version: '1.0.0',
21 silly publish   description: '',
21 silly publish   main: 'index.js',
21 silly publish   scripts: { test: 'echo "Error: no test specified" && exit 1' },
21 silly publish   repository:
21 silly publish    { type: 'git',
21 silly publish      url: 'git+ssh://git@github.com/Nikonbbg/js-course.git).git' },
21 silly publish   keywords: [ 'npm' ],
21 silly publish   author: { name: 'NikonBBG' },
21 silly publish   license: 'ISC',
21 silly publish   bugs: { url: 'https://github.com/Nikonbbg/js-course.git)/issues' },
21 silly publish   homepage: 'https://github.com/Nikonbbg/js-course.git)#readme',
21 silly publish   readme: 'ERROR: No README data found!',
21 silly publish   _id: 'homework_1@1.0.0',
21 silly publish   _shasum: 'd3d0010085d60a65e7995bdab17dccbe605b2384',
21 silly publish   _from: '.' }
22 verbose getPublishConfig undefined
23 silly mapToRegistry name homework_1
24 silly mapToRegistry using default registry
25 silly mapToRegistry registry https://registry.npmjs.org/
26 silly mapToRegistry data Result {
26 silly mapToRegistry   raw: 'homework_1',
26 silly mapToRegistry   scope: null,
26 silly mapToRegistry   escapedName: 'homework_1',
26 silly mapToRegistry   name: 'homework_1',
26 silly mapToRegistry   rawSpec: '',
26 silly mapToRegistry   spec: 'latest',
26 silly mapToRegistry   type: 'tag' }
27 silly mapToRegistry uri https://registry.npmjs.org/homework_1
28 verbose publish registryBase https://registry.npmjs.org/
29 silly publish uploading /Users/nikoe/.npm/homework_1/1.0.0/package.tgz
30 verbose stack Error: auth required for publishing
30 verbose stack     at CachingRegistryClient.publish (/usr/local/lib/node_modules/npm/node_modules/npm-registry-client/lib/publish.js:30:14)
30 verbose stack     at /usr/local/lib/node_modules/npm/lib/publish.js:138:14
30 verbose stack     at mapToRegistry (/usr/local/lib/node_modules/npm/lib/utils/map-to-registry.js:62:3)
30 verbose stack     at publish_ (/usr/local/lib/node_modules/npm/lib/publish.js:107:3)
30 verbose stack     at Array.<anonymous> (/usr/local/lib/node_modules/npm/node_modules/slide/lib/bind-actor.js:15:8)
30 verbose stack     at LOOP (/usr/local/lib/node_modules/npm/node_modules/slide/lib/chain.js:15:14)
30 verbose stack     at LOOP (/usr/local/lib/node_modules/npm/node_modules/slide/lib/chain.js:14:28)
30 verbose stack     at chain (/usr/local/lib/node_modules/npm/node_modules/slide/lib/chain.js:20:5)
30 verbose stack     at /usr/local/lib/node_modules/npm/lib/publish.js:73:5
30 verbose stack     at RES (/usr/local/lib/node_modules/npm/node_modules/inflight/inflight.js:23:14)
31 verbose cwd /Users/nikoe/Desktop/NEW_WORK/Masters/js-course/homeworks/Nikon.Bugaichuk_NikonBBG/homework_1
32 error Darwin 15.6.0
33 error argv "/usr/local/bin/node" "/usr/local/bin/npm" "publish"
34 error node v6.4.0
35 error npm  v3.10.3
36 error code ENEEDAUTH
37 error need auth auth required for publishing
38 error need auth You need to authorize this machine using `npm adduser`
39 verbose exit [ 1, true ]
